<?xml version="1.0" encoding="UTF-8"?>
<coverage generated="1553570680637" clover="3.2.0">
  <project timestamp="1553570680637" name="All files">
    <metrics statements="70" coveredstatements="59" conditionals="20" coveredconditionals="11" methods="25" coveredmethods="24" elements="115" coveredelements="94" complexity="0" loc="70" ncloc="70" packages="7" files="13" classes="13">
      <package name="src.components.app">
        <metrics statements="19" coveredstatements="13" conditionals="8" coveredconditionals="4" methods="2" coveredmethods="1"/>
        <file name="CommitCard.vue" path="/Users/bdeo/Developer/sample-alpha-project/src/components/app/CommitCard.vue">
          <metrics statements="13" coveredstatements="8" conditionals="4" coveredconditionals="0" methods="0" coveredmethods="0"/>
          <line num="113" count="8" type="stmt"/>
          <line num="114" count="8" type="stmt"/>
          <line num="124" count="2" type="stmt"/>
          <line num="130" count="2" type="stmt"/>
          <line num="134" count="2" type="stmt"/>
          <line num="135" count="2" type="stmt"/>
          <line num="136" count="2" type="stmt"/>
          <line num="138" count="0" type="stmt"/>
          <line num="140" count="2" type="stmt"/>
          <line num="148" count="0" type="stmt"/>
          <line num="149" count="0" type="cond" truecount="0" falsecount="2"/>
          <line num="150" count="0" type="cond" truecount="0" falsecount="2"/>
          <line num="151" count="0" type="stmt"/>
        </file>
        <file name="CommitRow.vue" path="/Users/bdeo/Developer/sample-alpha-project/src/components/app/CommitRow.vue">
          <metrics statements="5" coveredstatements="4" conditionals="4" coveredconditionals="4" methods="1" coveredmethods="0"/>
          <line num="18" count="0" type="stmt"/>
          <line num="23" count="1" type="stmt"/>
          <line num="24" count="1" type="cond" truecount="2" falsecount="0"/>
          <line num="25" count="1" type="cond" truecount="2" falsecount="0"/>
          <line num="26" count="1" type="stmt"/>
        </file>
        <file name="HelloWorld.vue" path="/Users/bdeo/Developer/sample-alpha-project/src/components/app/HelloWorld.vue">
          <metrics statements="1" coveredstatements="1" conditionals="0" coveredconditionals="0" methods="1" coveredmethods="1"/>
          <line num="9" count="1" type="stmt"/>
        </file>
      </package>
      <package name="src.components.core">
        <metrics statements="16" coveredstatements="11" conditionals="6" coveredconditionals="2" methods="2" coveredmethods="2"/>
        <file name="Drawer.vue" path="/Users/bdeo/Developer/sample-alpha-project/src/components/core/Drawer.vue">
          <metrics statements="1" coveredstatements="1" conditionals="0" coveredconditionals="0" methods="1" coveredmethods="1"/>
          <line num="33" count="1" type="stmt"/>
        </file>
        <file name="Snackbar.vue" path="/Users/bdeo/Developer/sample-alpha-project/src/components/core/Snackbar.vue">
          <metrics statements="5" coveredstatements="5" conditionals="2" coveredconditionals="2" methods="1" coveredmethods="1"/>
          <line num="34" count="8" type="stmt"/>
          <line num="38" count="8" type="stmt"/>
          <line num="46" count="1" type="stmt"/>
          <line num="53" count="2" type="cond" truecount="2" falsecount="0"/>
          <line num="59" count="1" type="stmt"/>
        </file>
        <file name="Toolbar.vue" path="/Users/bdeo/Developer/sample-alpha-project/src/components/core/Toolbar.vue">
          <metrics statements="10" coveredstatements="5" conditionals="4" coveredconditionals="0" methods="0" coveredmethods="0"/>
          <line num="21" count="2" type="stmt"/>
          <line num="28" count="2" type="stmt"/>
          <line num="29" count="2" type="stmt"/>
          <line num="33" count="0" type="stmt"/>
          <line num="38" count="2" type="stmt"/>
          <line num="39" count="2" type="stmt"/>
          <line num="40" count="0" type="stmt"/>
          <line num="42" count="0" type="stmt"/>
          <line num="43" count="0" type="cond" truecount="0" falsecount="4"/>
          <line num="44" count="0" type="stmt"/>
        </file>
      </package>
      <package name="src.plugins">
        <metrics statements="8" coveredstatements="8" conditionals="2" coveredconditionals="1" methods="5" coveredmethods="5"/>
        <file name="snackbar.js" path="/Users/bdeo/Developer/sample-alpha-project/src/plugins/snackbar.js">
          <metrics statements="8" coveredstatements="8" conditionals="2" coveredconditionals="1" methods="5" coveredmethods="5"/>
          <line num="3" count="2" type="stmt"/>
          <line num="6" count="2" type="stmt"/>
          <line num="7" count="1" type="stmt"/>
          <line num="8" count="1" type="stmt"/>
          <line num="9" count="1" type="stmt"/>
          <line num="10" count="1" type="stmt"/>
          <line num="11" count="1" type="stmt"/>
          <line num="18" count="6" type="stmt"/>
        </file>
      </package>
      <package name="src.store.modules.app">
        <metrics statements="0" coveredstatements="0" conditionals="0" coveredconditionals="0" methods="0" coveredmethods="0"/>
        <file name="mutations.js" path="/Users/bdeo/Developer/sample-alpha-project/src/store/modules/app/mutations.js">
          <metrics statements="0" coveredstatements="0" conditionals="0" coveredconditionals="0" methods="0" coveredmethods="0"/>
        </file>
        <file name="state.js" path="/Users/bdeo/Developer/sample-alpha-project/src/store/modules/app/state.js">
          <metrics statements="0" coveredstatements="0" conditionals="0" coveredconditionals="0" methods="0" coveredmethods="0"/>
        </file>
      </package>
      <package name="src.store.modules.github">
        <metrics statements="0" coveredstatements="0" conditionals="0" coveredconditionals="0" methods="0" coveredmethods="0"/>
        <file name="mutations.js" path="/Users/bdeo/Developer/sample-alpha-project/src/store/modules/github/mutations.js">
          <metrics statements="0" coveredstatements="0" conditionals="0" coveredconditionals="0" methods="0" coveredmethods="0"/>
        </file>
        <file name="state.js" path="/Users/bdeo/Developer/sample-alpha-project/src/store/modules/github/state.js">
          <metrics statements="0" coveredstatements="0" conditionals="0" coveredconditionals="0" methods="0" coveredmethods="0"/>
        </file>
      </package>
      <package name="src.util">
        <metrics statements="17" coveredstatements="17" conditionals="4" coveredconditionals="4" methods="16" coveredmethods="16"/>
        <file name="vuex.js" path="/Users/bdeo/Developer/sample-alpha-project/src/util/vuex.js">
          <metrics statements="17" coveredstatements="17" conditionals="4" coveredconditionals="4" methods="16" coveredmethods="16"/>
          <line num="2" count="8" type="stmt"/>
          <line num="4" count="4" type="stmt"/>
          <line num="5" count="1" type="stmt"/>
          <line num="6" count="1" type="stmt"/>
          <line num="7" count="1" type="stmt"/>
          <line num="24" count="1" type="stmt"/>
          <line num="27" count="4" type="stmt"/>
          <line num="29" count="4" type="stmt"/>
          <line num="30" count="3" type="stmt"/>
          <line num="32" count="3" type="cond" truecount="2" falsecount="0"/>
          <line num="37" count="4" type="stmt"/>
          <line num="38" count="3" type="stmt"/>
          <line num="40" count="3" type="cond" truecount="2" falsecount="0"/>
          <line num="45" count="4" type="stmt"/>
          <line num="46" count="1" type="stmt"/>
          <line num="49" count="4" type="stmt"/>
          <line num="50" count="2" type="stmt"/>
        </file>
      </package>
      <package name="tests.unit">
        <metrics statements="10" coveredstatements="10" conditionals="0" coveredconditionals="0" methods="0" coveredmethods="0"/>
        <file name="setup.js" path="/Users/bdeo/Developer/sample-alpha-project/tests/unit/setup.js">
          <metrics statements="10" coveredstatements="10" conditionals="0" coveredconditionals="0" methods="0" coveredmethods="0"/>
          <line num="15" count="8" type="stmt"/>
          <line num="16" count="8" type="stmt"/>
          <line num="18" count="8" type="stmt"/>
          <line num="19" count="8" type="stmt"/>
          <line num="21" count="8" type="stmt"/>
          <line num="22" count="8" type="stmt"/>
          <line num="23" count="8" type="stmt"/>
          <line num="25" count="8" type="stmt"/>
          <line num="26" count="8" type="stmt"/>
          <line num="27" count="8" type="stmt"/>
        </file>
      </package>
    </metrics>
  </project>
</coverage>
