{"/Users/bdeo/Developer/sample-alpha-project/src/components/app/CommitCard.vue": {"path":"/Users/bdeo/Developer/sample-alpha-project/src/components/app/CommitCard.vue","statementMap":{"0":{"start":{"line":113,"column":0},"end":{"line":null,"column":-1}},"1":{"start":{"line":114,"column":0},"end":{"line":null,"column":-1}},"2":{"start":{"line":124,"column":0},"end":{"line":null,"column":-1}},"3":{"start":{"line":130,"column":0},"end":{"line":null,"column":-1}},"4":{"start":{"line":134,"column":0},"end":{"line":null,"column":-1}},"5":{"start":{"line":135,"column":0},"end":{"line":141,"column":0}},"6":{"start":{"line":136,"column":0},"end":{"line":null,"column":-1}},"7":{"start":{"line":138,"column":0},"end":{"line":null,"column":-1}},"8":{"start":{"line":140,"column":0},"end":{"line":null,"column":-1}},"9":{"start":{"line":148,"column":0},"end":{"line":null,"column":-1}},"10":{"start":{"line":149,"column":0},"end":{"line":null,"column":-1}},"11":{"start":{"line":150,"column":0},"end":{"line":null,"column":-1}},"12":{"start":{"line":151,"column":0},"end":{"line":null,"column":-1}}},"fnMap":{},"branchMap":{"0":{"loc":{"start":{"line":149,"column":0},"end":{"line":null,"column":-1}},"type":"if","locations":[{"start":{"line":149,"column":0},"end":{"line":null,"column":-1}},{"start":{"line":149,"column":0},"end":{"line":null,"column":-1}}]},"1":{"loc":{"start":{"line":150,"column":0},"end":{"line":null,"column":-1}},"type":"if","locations":[{"start":{"line":150,"column":0},"end":{"line":null,"column":-1}},{"start":{"line":150,"column":0},"end":{"line":null,"column":-1}}]}},"s":{"0":8,"1":8,"2":2,"3":2,"4":2,"5":2,"6":2,"7":0,"8":2,"9":0,"10":0,"11":0,"12":0},"f":{},"b":{"0":[0,0],"1":[0,0]}}
,"/Users/bdeo/Developer/sample-alpha-project/src/components/app/CommitRow.vue": {"path":"/Users/bdeo/Developer/sample-alpha-project/src/components/app/CommitRow.vue","statementMap":{"0":{"start":{"line":18,"column":0},"end":{"line":null,"column":-1}},"1":{"start":{"line":23,"column":0},"end":{"line":null,"column":-1}},"2":{"start":{"line":24,"column":0},"end":{"line":null,"column":-1}},"3":{"start":{"line":25,"column":0},"end":{"line":null,"column":-1}},"4":{"start":{"line":26,"column":0},"end":{"line":null,"column":-1}}},"fnMap":{"0":{"name":"(anonymous_1)","decl":{"start":{"line":18,"column":0},"end":{"line":null,"column":-1}},"loc":{"start":{"line":18,"column":0},"end":{"line":null,"column":-1}}}},"branchMap":{"0":{"loc":{"start":{"line":24,"column":0},"end":{"line":null,"column":-1}},"type":"binary-expr","locations":[{"start":{"line":24,"column":0},"end":{"line":null,"column":-1}},{"start":{"line":24,"column":0},"end":{"line":null,"column":-1}}]},"1":{"loc":{"start":{"line":25,"column":0},"end":{"line":null,"column":-1}},"type":"binary-expr","locations":[{"start":{"line":25,"column":0},"end":{"line":null,"column":-1}},{"start":{"line":25,"column":0},"end":{"line":null,"column":-1}}]}},"s":{"0":0,"1":1,"2":1,"3":1,"4":1},"f":{"0":0},"b":{"0":[1,1],"1":[1,1]}}
,"/Users/bdeo/Developer/sample-alpha-project/src/components/app/HelloWorld.vue": {"path":"/Users/bdeo/Developer/sample-alpha-project/src/components/app/HelloWorld.vue","statementMap":{"0":{"start":{"line":9,"column":0},"end":{"line":null,"column":-1}}},"fnMap":{"0":{"name":"(anonymous_1)","decl":{"start":{"line":9,"column":0},"end":{"line":null,"column":-1}},"loc":{"start":{"line":9,"column":0},"end":{"line":null,"column":-1}}}},"branchMap":{},"s":{"0":1},"f":{"0":1},"b":{}}
,"/Users/bdeo/Developer/sample-alpha-project/src/components/core/Drawer.vue": {"path":"/Users/bdeo/Developer/sample-alpha-project/src/components/core/Drawer.vue","statementMap":{"0":{"start":{"line":33,"column":0},"end":{"line":null,"column":-1}}},"fnMap":{"0":{"name":"(anonymous_1)","decl":{"start":{"line":33,"column":0},"end":{"line":null,"column":-1}},"loc":{"start":{"line":33,"column":0},"end":{"line":null,"column":-1}}}},"branchMap":{},"s":{"0":1},"f":{"0":1},"b":{}}
,"/Users/bdeo/Developer/sample-alpha-project/src/components/core/Snackbar.vue": {"path":"/Users/bdeo/Developer/sample-alpha-project/src/components/core/Snackbar.vue","statementMap":{"0":{"start":{"line":34,"column":0},"end":{"line":null,"column":-1}},"1":{"start":{"line":38,"column":0},"end":{"line":null,"column":-1}},"2":{"start":{"line":46,"column":0},"end":{"line":null,"column":-1}},"3":{"start":{"line":53,"column":0},"end":{"line":null,"column":-1}},"4":{"start":{"line":59,"column":0},"end":{"line":null,"column":-1}}},"fnMap":{"0":{"name":"(anonymous_1)","decl":{"start":{"line":46,"column":0},"end":{"line":null,"column":-1}},"loc":{"start":{"line":46,"column":0},"end":{"line":null,"column":-1}}}},"branchMap":{"0":{"loc":{"start":{"line":53,"column":0},"end":{"line":null,"column":-1}},"type":"binary-expr","locations":[{"start":{"line":53,"column":0},"end":{"line":null,"column":-1}},{"start":{"line":53,"column":0},"end":{"line":null,"column":-1}}]}},"s":{"0":8,"1":8,"2":1,"3":2,"4":1},"f":{"0":1},"b":{"0":[2,1]}}
,"/Users/bdeo/Developer/sample-alpha-project/src/components/core/Toolbar.vue": {"path":"/Users/bdeo/Developer/sample-alpha-project/src/components/core/Toolbar.vue","statementMap":{"0":{"start":{"line":21,"column":0},"end":{"line":null,"column":-1}},"1":{"start":{"line":28,"column":0},"end":{"line":null,"column":-1}},"2":{"start":{"line":29,"column":0},"end":{"line":null,"column":-1}},"3":{"start":{"line":33,"column":0},"end":{"line":null,"column":-1}},"4":{"start":{"line":38,"column":0},"end":{"line":null,"column":-1}},"5":{"start":{"line":39,"column":0},"end":{"line":null,"column":-1}},"6":{"start":{"line":40,"column":0},"end":{"line":null,"column":-1}},"7":{"start":{"line":42,"column":0},"end":{"line":null,"column":-1}},"8":{"start":{"line":43,"column":0},"end":{"line":45,"column":0}},"9":{"start":{"line":44,"column":0},"end":{"line":null,"column":-1}}},"fnMap":{},"branchMap":{"0":{"loc":{"start":{"line":43,"column":0},"end":{"line":45,"column":0}},"type":"if","locations":[{"start":{"line":43,"column":0},"end":{"line":45,"column":0}},{"start":{"line":43,"column":0},"end":{"line":45,"column":0}}]},"1":{"loc":{"start":{"line":43,"column":0},"end":{"line":null,"column":-1}},"type":"binary-expr","locations":[{"start":{"line":43,"column":0},"end":{"line":null,"column":-1}},{"start":{"line":43,"column":0},"end":{"line":null,"column":-1}}]}},"s":{"0":2,"1":2,"2":2,"3":0,"4":2,"5":2,"6":0,"7":0,"8":0,"9":0},"f":{},"b":{"0":[0,0],"1":[0,0]}}
,"/Users/bdeo/Developer/sample-alpha-project/src/plugins/snackbar.js": {"path":"/Users/bdeo/Developer/sample-alpha-project/src/plugins/snackbar.js","statementMap":{"0":{"start":{"line":3,"column":0},"end":{"line":26,"column":2}},"1":{"start":{"line":6,"column":6},"end":{"line":12,"column":7}},"2":{"start":{"line":7,"column":30},"end":{"line":7,"column":56}},"3":{"start":{"line":8,"column":28},"end":{"line":8,"column":59}},"4":{"start":{"line":9,"column":27},"end":{"line":9,"column":57}},"5":{"start":{"line":10,"column":30},"end":{"line":10,"column":63}},"6":{"start":{"line":11,"column":30},"end":{"line":11,"column":63}},"7":{"start":{"line":18,"column":6},"end":{"line":23,"column":8}}},"fnMap":{"0":{"name":"(anonymous_0)","decl":{"start":{"line":7,"column":17},"end":{"line":7,"column":18}},"loc":{"start":{"line":7,"column":30},"end":{"line":7,"column":56}},"line":7},"1":{"name":"(anonymous_1)","decl":{"start":{"line":8,"column":15},"end":{"line":8,"column":16}},"loc":{"start":{"line":8,"column":28},"end":{"line":8,"column":59}},"line":8},"2":{"name":"(anonymous_2)","decl":{"start":{"line":9,"column":14},"end":{"line":9,"column":15}},"loc":{"start":{"line":9,"column":27},"end":{"line":9,"column":57}},"line":9},"3":{"name":"(anonymous_3)","decl":{"start":{"line":10,"column":17},"end":{"line":10,"column":18}},"loc":{"start":{"line":10,"column":30},"end":{"line":10,"column":63}},"line":10},"4":{"name":"(anonymous_4)","decl":{"start":{"line":11,"column":17},"end":{"line":11,"column":18}},"loc":{"start":{"line":11,"column":30},"end":{"line":11,"column":63}},"line":11}},"branchMap":{"0":{"loc":{"start":{"line":17,"column":25},"end":{"line":17,"column":39}},"type":"default-arg","locations":[{"start":{"line":17,"column":35},"end":{"line":17,"column":39}}],"line":17},"1":{"loc":{"start":{"line":17,"column":41},"end":{"line":17,"column":54}},"type":"default-arg","locations":[{"start":{"line":17,"column":49},"end":{"line":17,"column":54}}],"line":17}},"s":{"0":2,"1":2,"2":1,"3":1,"4":1,"5":1,"6":1,"7":6},"f":{"0":1,"1":1,"2":1,"3":1,"4":1},"b":{"0":[0],"1":[6]},"_coverageSchema":"332fd63041d2c1bcb487cc26dd0d5f7d97098a6c","hash":"e853fa7de2006f539bd0563fefd6a3761d936a64"}
,"/Users/bdeo/Developer/sample-alpha-project/src/store/modules/app/mutations.js": {"path":"/Users/bdeo/Developer/sample-alpha-project/src/store/modules/app/mutations.js","statementMap":{},"fnMap":{},"branchMap":{},"s":{},"f":{},"b":{},"_coverageSchema":"332fd63041d2c1bcb487cc26dd0d5f7d97098a6c","hash":"e7ef386dcbcae5693e14819c60c3ffd457dfb27f"}
,"/Users/bdeo/Developer/sample-alpha-project/src/store/modules/app/state.js": {"path":"/Users/bdeo/Developer/sample-alpha-project/src/store/modules/app/state.js","statementMap":{},"fnMap":{},"branchMap":{},"s":{},"f":{},"b":{},"_coverageSchema":"332fd63041d2c1bcb487cc26dd0d5f7d97098a6c","hash":"3a0b393422823d6adac98e4464f901b9dd6e33ad"}
,"/Users/bdeo/Developer/sample-alpha-project/src/store/modules/github/mutations.js": {"path":"/Users/bdeo/Developer/sample-alpha-project/src/store/modules/github/mutations.js","statementMap":{},"fnMap":{},"branchMap":{},"s":{},"f":{},"b":{},"_coverageSchema":"332fd63041d2c1bcb487cc26dd0d5f7d97098a6c","hash":"a04b44d1528e29d3a578d8da6adc18494549265a"}
,"/Users/bdeo/Developer/sample-alpha-project/src/store/modules/github/state.js": {"path":"/Users/bdeo/Developer/sample-alpha-project/src/store/modules/github/state.js","statementMap":{},"fnMap":{},"branchMap":{},"s":{},"f":{},"b":{},"_coverageSchema":"332fd63041d2c1bcb487cc26dd0d5f7d97098a6c","hash":"c5aa16b160fc614c7a5ed516086beb6cdb4fa248"}
,"/Users/bdeo/Developer/sample-alpha-project/src/util/vuex.js": {"path":"/Users/bdeo/Developer/sample-alpha-project/src/util/vuex.js","statementMap":{"0":{"start":{"line":2,"column":19},"end":{"line":2,"column":80}},"1":{"start":{"line":2,"column":33},"end":{"line":2,"column":80}},"2":{"start":{"line":2,"column":54},"end":{"line":2,"column":79}},"3":{"start":{"line":4,"column":25},"end":{"line":25,"column":1}},"4":{"start":{"line":4,"column":39},"end":{"line":25,"column":1}},"5":{"start":{"line":5,"column":16},"end":{"line":5,"column":35}},"6":{"start":{"line":6,"column":17},"end":{"line":6,"column":28}},"7":{"start":{"line":7,"column":14},"end":{"line":7,"column":58}},"8":{"start":{"line":24,"column":2},"end":{"line":24,"column":25}},"9":{"start":{"line":27,"column":20},"end":{"line":27,"column":83}},"10":{"start":{"line":27,"column":34},"end":{"line":27,"column":83}},"11":{"start":{"line":27,"column":54},"end":{"line":27,"column":83}},"12":{"start":{"line":29,"column":28},"end":{"line":35,"column":1}},"13":{"start":{"line":29,"column":42},"end":{"line":35,"column":1}},"14":{"start":{"line":30,"column":16},"end":{"line":30,"column":69}},"15":{"start":{"line":30,"column":49},"end":{"line":30,"column":68}},"16":{"start":{"line":32,"column":2},"end":{"line":34,"column":35}},"17":{"start":{"line":37,"column":31},"end":{"line":43,"column":1}},"18":{"start":{"line":37,"column":45},"end":{"line":43,"column":1}},"19":{"start":{"line":38,"column":16},"end":{"line":38,"column":69}},"20":{"start":{"line":38,"column":49},"end":{"line":38,"column":68}},"21":{"start":{"line":40,"column":2},"end":{"line":42,"column":38}},"22":{"start":{"line":45,"column":22},"end":{"line":47,"column":1}},"23":{"start":{"line":45,"column":36},"end":{"line":47,"column":1}},"24":{"start":{"line":46,"column":2},"end":{"line":46,"column":51}},"25":{"start":{"line":49,"column":25},"end":{"line":54,"column":1}},"26":{"start":{"line":49,"column":44},"end":{"line":54,"column":1}},"27":{"start":{"line":50,"column":2},"end":{"line":53,"column":3}}},"fnMap":{"0":{"name":"(anonymous_0)","decl":{"start":{"line":2,"column":19},"end":{"line":2,"column":20}},"loc":{"start":{"line":2,"column":33},"end":{"line":2,"column":80}},"line":2},"1":{"name":"(anonymous_1)","decl":{"start":{"line":2,"column":33},"end":{"line":2,"column":34}},"loc":{"start":{"line":2,"column":54},"end":{"line":2,"column":79}},"line":2},"2":{"name":"(anonymous_2)","decl":{"start":{"line":4,"column":25},"end":{"line":4,"column":26}},"loc":{"start":{"line":4,"column":39},"end":{"line":25,"column":1}},"line":4},"3":{"name":"(anonymous_3)","decl":{"start":{"line":4,"column":39},"end":{"line":4,"column":40}},"loc":{"start":{"line":4,"column":59},"end":{"line":25,"column":1}},"line":4},"4":{"name":"(anonymous_4)","decl":{"start":{"line":27,"column":20},"end":{"line":27,"column":21}},"loc":{"start":{"line":27,"column":34},"end":{"line":27,"column":83}},"line":27},"5":{"name":"(anonymous_5)","decl":{"start":{"line":27,"column":34},"end":{"line":27,"column":35}},"loc":{"start":{"line":27,"column":54},"end":{"line":27,"column":83}},"line":27},"6":{"name":"(anonymous_6)","decl":{"start":{"line":29,"column":28},"end":{"line":29,"column":29}},"loc":{"start":{"line":29,"column":42},"end":{"line":35,"column":1}},"line":29},"7":{"name":"(anonymous_7)","decl":{"start":{"line":29,"column":42},"end":{"line":29,"column":43}},"loc":{"start":{"line":29,"column":62},"end":{"line":35,"column":1}},"line":29},"8":{"name":"(anonymous_8)","decl":{"start":{"line":30,"column":42},"end":{"line":30,"column":43}},"loc":{"start":{"line":30,"column":49},"end":{"line":30,"column":68}},"line":30},"9":{"name":"(anonymous_9)","decl":{"start":{"line":37,"column":31},"end":{"line":37,"column":32}},"loc":{"start":{"line":37,"column":45},"end":{"line":43,"column":1}},"line":37},"10":{"name":"(anonymous_10)","decl":{"start":{"line":37,"column":45},"end":{"line":37,"column":46}},"loc":{"start":{"line":37,"column":65},"end":{"line":43,"column":1}},"line":37},"11":{"name":"(anonymous_11)","decl":{"start":{"line":38,"column":42},"end":{"line":38,"column":43}},"loc":{"start":{"line":38,"column":49},"end":{"line":38,"column":68}},"line":38},"12":{"name":"(anonymous_12)","decl":{"start":{"line":45,"column":22},"end":{"line":45,"column":23}},"loc":{"start":{"line":45,"column":36},"end":{"line":47,"column":1}},"line":45},"13":{"name":"(anonymous_13)","decl":{"start":{"line":45,"column":36},"end":{"line":45,"column":37}},"loc":{"start":{"line":45,"column":56},"end":{"line":47,"column":1}},"line":45},"14":{"name":"(anonymous_14)","decl":{"start":{"line":49,"column":25},"end":{"line":49,"column":26}},"loc":{"start":{"line":49,"column":44},"end":{"line":54,"column":1}},"line":49},"15":{"name":"(anonymous_15)","decl":{"start":{"line":49,"column":44},"end":{"line":49,"column":45}},"loc":{"start":{"line":49,"column":64},"end":{"line":54,"column":1}},"line":49}},"branchMap":{"0":{"loc":{"start":{"line":32,"column":2},"end":{"line":34,"column":35}},"type":"cond-expr","locations":[{"start":{"line":33,"column":6},"end":{"line":33,"column":47}},{"start":{"line":34,"column":6},"end":{"line":34,"column":35}}],"line":32},"1":{"loc":{"start":{"line":40,"column":2},"end":{"line":42,"column":38}},"type":"cond-expr","locations":[{"start":{"line":41,"column":6},"end":{"line":41,"column":47}},{"start":{"line":42,"column":6},"end":{"line":42,"column":38}}],"line":40}},"s":{"0":4,"1":5,"2":8,"3":4,"4":1,"5":1,"6":1,"7":1,"8":1,"9":4,"10":3,"11":1,"12":4,"13":1,"14":3,"15":2,"16":3,"17":4,"18":1,"19":3,"20":3,"21":3,"22":4,"23":1,"24":1,"25":4,"26":1,"27":2},"f":{"0":5,"1":8,"2":1,"3":1,"4":3,"5":1,"6":1,"7":3,"8":2,"9":1,"10":3,"11":3,"12":1,"13":1,"14":1,"15":2},"b":{"0":[1,2],"1":[1,2]},"_coverageSchema":"332fd63041d2c1bcb487cc26dd0d5f7d97098a6c","hash":"a3e6aa6d2b1350ccb0fc13124b559c3c648edc8c"}
,"/Users/bdeo/Developer/sample-alpha-project/tests/unit/setup.js": {"path":"/Users/bdeo/Developer/sample-alpha-project/tests/unit/setup.js","statementMap":{"0":{"start":{"line":15,"column":0},"end":{"line":15,"column":13}},"1":{"start":{"line":16,"column":0},"end":{"line":16,"column":16}},"2":{"start":{"line":18,"column":0},"end":{"line":18,"column":36}},"3":{"start":{"line":19,"column":0},"end":{"line":19,"column":40}},"4":{"start":{"line":21,"column":0},"end":{"line":21,"column":42}},"5":{"start":{"line":22,"column":0},"end":{"line":22,"column":44}},"6":{"start":{"line":23,"column":0},"end":{"line":23,"column":44}},"7":{"start":{"line":25,"column":11},"end":{"line":25,"column":40}},"8":{"start":{"line":26,"column":0},"end":{"line":26,"column":33}},"9":{"start":{"line":27,"column":0},"end":{"line":27,"column":29}}},"fnMap":{},"branchMap":{},"s":{"0":8,"1":8,"2":8,"3":8,"4":8,"5":8,"6":8,"7":8,"8":8,"9":8},"f":{},"b":{},"_coverageSchema":"332fd63041d2c1bcb487cc26dd0d5f7d97098a6c","hash":"52bc2846d9815823df4c45f2bd843abfa78cbf38"}
}
