TN:
SF:/Users/bdeo/Developer/sample-alpha-project/src/components/app/CommitCard.vue
FNF:0
FNH:0
DA:113,8
DA:114,8
DA:124,2
DA:130,2
DA:134,2
DA:135,2
DA:136,2
DA:138,0
DA:140,2
DA:148,0
DA:149,0
DA:150,0
DA:151,0
LF:13
LH:8
BRDA:149,0,0,0
BRDA:149,0,1,0
BRDA:150,1,0,0
BRDA:150,1,1,0
BRF:4
BRH:0
end_of_record
TN:
SF:/Users/bdeo/Developer/sample-alpha-project/src/components/app/CommitRow.vue
FN:18,(anonymous_1)
FNF:1
FNH:0
FNDA:0,(anonymous_1)
DA:18,0
DA:23,1
DA:24,1
DA:25,1
DA:26,1
LF:5
LH:4
BRDA:24,0,0,1
BRDA:24,0,1,1
BRDA:25,1,0,1
BRDA:25,1,1,1
BRF:4
BRH:4
end_of_record
TN:
SF:/Users/bdeo/Developer/sample-alpha-project/src/components/app/HelloWorld.vue
FN:9,(anonymous_1)
FNF:1
FNH:1
FNDA:1,(anonymous_1)
DA:9,1
LF:1
LH:1
BRF:0
BRH:0
end_of_record
TN:
SF:/Users/bdeo/Developer/sample-alpha-project/src/components/core/Drawer.vue
FN:33,(anonymous_1)
FNF:1
FNH:1
FNDA:1,(anonymous_1)
DA:33,1
LF:1
LH:1
BRF:0
BRH:0
end_of_record
TN:
SF:/Users/bdeo/Developer/sample-alpha-project/src/components/core/Snackbar.vue
FN:46,(anonymous_1)
FNF:1
FNH:1
FNDA:1,(anonymous_1)
DA:34,8
DA:38,8
DA:46,1
DA:53,2
DA:59,1
LF:5
LH:5
BRDA:53,0,0,2
BRDA:53,0,1,1
BRF:2
BRH:2
end_of_record
TN:
SF:/Users/bdeo/Developer/sample-alpha-project/src/components/core/Toolbar.vue
FNF:0
FNH:0
DA:21,2
DA:28,2
DA:29,2
DA:33,0
DA:38,2
DA:39,2
DA:40,0
DA:42,0
DA:43,0
DA:44,0
LF:10
LH:5
BRDA:43,0,0,0
BRDA:43,0,1,0
BRDA:43,1,0,0
BRDA:43,1,1,0
BRF:4
BRH:0
end_of_record
TN:
SF:/Users/bdeo/Developer/sample-alpha-project/src/plugins/snackbar.js
FN:7,(anonymous_0)
FN:8,(anonymous_1)
FN:9,(anonymous_2)
FN:10,(anonymous_3)
FN:11,(anonymous_4)
FNF:5
FNH:5
FNDA:1,(anonymous_0)
FNDA:1,(anonymous_1)
FNDA:1,(anonymous_2)
FNDA:1,(anonymous_3)
FNDA:1,(anonymous_4)
DA:3,2
DA:6,2
DA:7,1
DA:8,1
DA:9,1
DA:10,1
DA:11,1
DA:18,6
LF:8
LH:8
BRDA:17,0,0,0
BRDA:17,1,0,6
BRF:2
BRH:1
end_of_record
TN:
SF:/Users/bdeo/Developer/sample-alpha-project/src/store/modules/app/mutations.js
FNF:0
FNH:0
LF:0
LH:0
BRF:0
BRH:0
end_of_record
TN:
SF:/Users/bdeo/Developer/sample-alpha-project/src/store/modules/app/state.js
FNF:0
FNH:0
LF:0
LH:0
BRF:0
BRH:0
end_of_record
TN:
SF:/Users/bdeo/Developer/sample-alpha-project/src/store/modules/github/mutations.js
FNF:0
FNH:0
LF:0
LH:0
BRF:0
BRH:0
end_of_record
TN:
SF:/Users/bdeo/Developer/sample-alpha-project/src/store/modules/github/state.js
FNF:0
FNH:0
LF:0
LH:0
BRF:0
BRH:0
end_of_record
TN:
SF:/Users/bdeo/Developer/sample-alpha-project/src/util/vuex.js
FN:2,(anonymous_0)
FN:2,(anonymous_1)
FN:4,(anonymous_2)
FN:4,(anonymous_3)
FN:27,(anonymous_4)
FN:27,(anonymous_5)
FN:29,(anonymous_6)
FN:29,(anonymous_7)
FN:30,(anonymous_8)
FN:37,(anonymous_9)
FN:37,(anonymous_10)
FN:38,(anonymous_11)
FN:45,(anonymous_12)
FN:45,(anonymous_13)
FN:49,(anonymous_14)
FN:49,(anonymous_15)
FNF:16
FNH:16
FNDA:5,(anonymous_0)
FNDA:8,(anonymous_1)
FNDA:1,(anonymous_2)
FNDA:1,(anonymous_3)
FNDA:3,(anonymous_4)
FNDA:1,(anonymous_5)
FNDA:1,(anonymous_6)
FNDA:3,(anonymous_7)
FNDA:2,(anonymous_8)
FNDA:1,(anonymous_9)
FNDA:3,(anonymous_10)
FNDA:3,(anonymous_11)
FNDA:1,(anonymous_12)
FNDA:1,(anonymous_13)
FNDA:1,(anonymous_14)
FNDA:2,(anonymous_15)
DA:2,8
DA:4,4
DA:5,1
DA:6,1
DA:7,1
DA:24,1
DA:27,4
DA:29,4
DA:30,3
DA:32,3
DA:37,4
DA:38,3
DA:40,3
DA:45,4
DA:46,1
DA:49,4
DA:50,2
LF:17
LH:17
BRDA:32,0,0,1
BRDA:32,0,1,2
BRDA:40,1,0,1
BRDA:40,1,1,2
BRF:4
BRH:4
end_of_record
TN:
SF:/Users/bdeo/Developer/sample-alpha-project/tests/unit/setup.js
FNF:0
FNH:0
DA:15,8
DA:16,8
DA:18,8
DA:19,8
DA:21,8
DA:22,8
DA:23,8
DA:25,8
DA:26,8
DA:27,8
LF:10
LH:10
BRF:0
BRH:0
end_of_record
